sage/andriod_app/MyFirstApp/build/outputs/logs/manifest-merger-release-report.txt
-- Merging decision tree log ---
manifest
ADDED from andriod_app\MyFirstApp\AndroidManifest.xml:2:1-173:12
	package
		ADDED from andriod_app\MyFirstApp\AndroidManifest.xml:3:5-37
	android:versionName
		ADDED from andriod_app\MyFirstApp\AndroidManifest.xml:6:5-30
		INJECTED from andriod_app\MyFirstApp\AndroidManifest.xml
		INJECTED from andriod_app\MyFirstApp\AndroidManifest.xml
	android:versionCode
		ADDED from andriod_app\MyFirstApp\AndroidManifest.xml:5:5-28
		INJECTED from andriod_app\MyFirstApp\AndroidManifest.xml
		INJECTED from andriod_app\MyFirstApp\AndroidManifest.xml
	xmlns:android
		ADDED from andriod_app\MyFirstApp\AndroidManifest.xml:2:11-69
	android:installLocation
		ADDED from andriod_app\MyFirstApp\AndroidManifest.xml:4:5-35
uses-sdk
ADDED from andriod_app\MyFirstApp\AndroidManifest.xml:8:5-10:41
MERGED from [com.android.support:appcompat-v7:23.2.0] AndroidManifest.xml:21:5-23:78
MERGED from [com.android.support:support-v4:23.2.0] AndroidManifest.xml:20:5-43
MERGED from [com.android.support:animated-vector-drawable:23.2.0] AndroidManifest.xml:5:5-44
MERGED from [com.android.support:support-vector-drawable:23.2.0] AndroidManifest.xml:5:5-43
MERGED from [com.android.support:support-v4:23.2.0] AndroidManifest.xml:20:5-43
MERGED from [com.android.support:support-vector-drawable:23.2.0] AndroidManifest.xml:5:5-43
MERGED from [com.android.support:support-v4:23.2.0] AndroidManifest.xml:20:5-43
MERGED from [com.android.support:support-v4:23.2.0] AndroidManifest.xml:20:5-43
MERGED from [com.android.support:multidex:1.0.1] AndroidManifest.xml:18:5-42
MERGED from [com.google.android.gms:play-services-analytics:8.4.0] AndroidManifest.xml:18:5-42
MERGED from [com.google.android.gms:play-services-basement:8.4.0] AndroidManifest.xml:18:5-42
MERGED from [com.android.support:support-v4:23.2.0] AndroidManifest.xml:20:5-43
MERGED from [com.facebook.android:facebook-android-sdk:4.10.1] AndroidManifest.xml:24:5-26:41
MERGED from [com.android.support:support-v4:23.2.0] AndroidManifest.xml:20:5-43
MERGED from [com.android.support:cardview-v7:23.2.0] AndroidManifest.xml:20:5-43
	tools:overrideLibrary
		ADDED from [com.android.support:appcompat-v7:23.2.0] AndroidManifest.xml:23:9-75
	android:targetSdkVersion
		ADDED from andriod_app\MyFirstApp\AndroidManifest.xml:10:9-38
	android:minSdkVersion
		ADDED from andriod_app\MyFirstApp\AndroidManifest.xml:9:9-35
uses-permission#android.permission.INTERNET
ADDED from andriod_app\MyFirstApp\AndroidManifest.xml:12:5-67
MERGED from [com.google.android.gms:play-services-analytics:8.4.0] AndroidManifest.xml:21:5-67
	android:name
		ADDED from andriod_app\MyFirstApp\AndroidManifest.xml:12:22-64
uses-permission#android.permission.ACCESS_NETWORK_STATE
ADDED from andriod_app\MyFirstApp\AndroidManifest.xml:13:5-79
MERGED from [com.google.android.gms:play-services-analytics:8.4.0] AndroidManifest.xml:22:5-79
	android:name
		ADDED from andriod_app\MyFirstApp\AndroidManifest.xml:13:22-76
uses-permission#android.permission.WRITE_INTERNAL_STORAGE
ADDED from andriod_app\MyFirstApp\AndroidManifest.xml:14:5-81
	android:name
		ADDED from andriod_app\MyFirstApp\AndroidManifest.xml:14:22-78
uses-permission#android.permission.WRITE_EXTERNAL_STORAGE
ADDED from andriod_app\MyFirstApp\AndroidManifest.xml:15:5-81
	android:name
		ADDED from andriod_app\MyFirstApp\AndroidManifest.xml:15:22-78
uses-permission#android.permission.READ_EXTERNAL_STORAGE
ADDED from andriod_app\MyFirstApp\AndroidManifest.xml:16:5-80
	android:name
		ADDED from andriod_app\MyFirstApp\AndroidManifest.xml:16:22-77
uses-feature#android.hardware.camera
ADDED from andriod_app\MyFirstApp\AndroidManifest.xml:18:5-20:35
	android:required
		ADDED from andriod_app\MyFirstApp\AndroidManifest.xml:20:9-32
	android:name
		ADDED from andriod_app\MyFirstApp\AndroidManifest.xml:19:9-47
uses-permission#android.permission.CAMERA
ADDED from andriod_app\MyFirstApp\AndroidManifest.xml:22:5-65
	android:name
		ADDED from andriod_app\MyFirstApp\AndroidManifest.xml:22:22-62
uses-feature#androia.hardware.camera.autofocus
ADDED from andriod_app\MyFirstApp\AndroidManifest.xml:24:5-70
	android:name
		ADDED from andriod_app\MyFirstApp\AndroidManifest.xml:24:19-67
application
ADDED from andriod_app\MyFirstApp\AndroidManifest.xml:26:5-162:19
MERGED from [com.android.support:appcompat-v7:23.2.0] AndroidManifest.xml:25:5-20
MERGED from [com.android.support:support-v4:23.2.0] AndroidManifest.xml:22:5-20
MERGED from [com.android.support:animated-vector-drawable:23.2.0] AndroidManifest.xml:7:5-20
MERGED from [com.android.support:support-vector-drawable:23.2.0] AndroidManifest.xml:7:5-20
MERGED from [com.android.support:support-v4:23.2.0] AndroidManifest.xml:22:5-20
MERGED from [com.android.support:support-vector-drawable:23.2.0] AndroidManifest.xml:7:5-20
MERGED from [com.android.support:support-v4:23.2.0] AndroidManifest.xml:22:5-20
MERGED from [com.android.support:support-v4:23.2.0] AndroidManifest.xml:22:5-20
MERGED from [com.google.android.gms:play-services-analytics:8.4.0] AndroidManifest.xml:24:5-20
MERGED from [com.google.android.gms:play-services-basement:8.4.0] AndroidManifest.xml:20:5-24:19
MERGED from [com.android.support:support-v4:23.2.0] AndroidManifest.xml:22:5-20
MERGED from [com.facebook.android:facebook-android-sdk:4.10.1] AndroidManifest.xml:28:5-20
MERGED from [com.android.support:support-v4:23.2.0] AndroidManifest.xml:22:5-20
MERGED from [com.android.support:cardview-v7:23.2.0] AndroidManifest.xml:22:5-20
	android:label
		ADDED from andriod_app\MyFirstApp\AndroidManifest.xml:30:9-41
	android:allowBackup
		ADDED from andriod_app\MyFirstApp\AndroidManifest.xml:28:9-35
	android:icon
		ADDED from andriod_app\MyFirstApp\AndroidManifest.xml:29:9-38
	android:largeHeap
		ADDED from andriod_app\MyFirstApp\AndroidManifest.xml:31:9-33
	android:theme
		ADDED from andriod_app\MyFirstApp\AndroidManifest.xml:32:9-65
	android:name
		ADDED from andriod_app\MyFirstApp\AndroidManifest.xml:27:9-71
meta-data#com.facebook.sdk.ApplicationId
ADDED from andriod_app\MyFirstApp\AndroidManifest.xml:33:9-35:55
	android:value
		ADDED from andriod_app\MyFirstApp\AndroidManifest.xml:35:13-52
	android:name
		ADDED from andriod_app\MyFirstApp\AndroidManifest.xml:34:13-58
meta-data#android.app.searchable
ADDED from andriod_app\MyFirstApp\AndroidManifest.xml:36:9-38:50
	android:resource
		ADDED from andriod_app\MyFirstApp\AndroidManifest.xml:38:13-47
	android:name
		ADDED from andriod_app\MyFirstApp\AndroidManifest.xml:37:13-50
activity#com.example.myfirstapp.LoginActivity
ADDED from andriod_app\MyFirstApp\AndroidManifest.xml:40:9-49:20
	android:label
		ADDED from andriod_app\MyFirstApp\AndroidManifest.xml:42:13-57
	android:windowSoftInputMode
		ADDED from andriod_app\MyFirstApp\AndroidManifest.xml:43:13-52
	android:name
		ADDED from andriod_app\MyFirstApp\AndroidManifest.xml:41:13-42
intent-filter#android.intent.action.MAIN+android.intent.category.LAUNCHER
ADDED from andriod_app\MyFirstApp\AndroidManifest.xml:44:13-48:29
action#android.intent.action.MAIN
ADDED from andriod_app\MyFirstApp\AndroidManifest.xml:45:17-69
	android:name
		ADDED from andriod_app\MyFirstApp\AndroidManifest.xml:45:25-66
category#android.intent.category.LAUNCHER
ADDED from andriod_app\MyFirstApp\AndroidManifest.xml:47:17-77
	android:name
		ADDED from andriod_app\MyFirstApp\AndroidManifest.xml:47:27-74
activity#com.facebook.FacebookActivity
ADDED from andriod_app\MyFirstApp\AndroidManifest.xml:50:9-54:75
	android:label
		ADDED from andriod_app\MyFirstApp\AndroidManifest.xml:53:13-45
	android:configChanges
		ADDED from andriod_app\MyFirstApp\AndroidManifest.xml:52:13-96
	android:theme
		ADDED from andriod_app\MyFirstApp\AndroidManifest.xml:54:13-72
	android:name
		ADDED from andriod_app\MyFirstApp\AndroidManifest.xml:51:13-57
activity#com.example.myfirstapp.TextReciptPageActivity
ADDED from andriod_app\MyFirstApp\AndroidManifest.xml:55:9-59:20
	android:label
		ADDED from andriod_app\MyFirstApp\AndroidManifest.xml:57:13-65
	android:windowSoftInputMode
		ADDED from andriod_app\MyFirstApp\AndroidManifest.xml:58:13-52
	android:name
		ADDED from andriod_app\MyFirstApp\AndroidManifest.xml:56:13-51
activity#com.example.myfirstapp.NewsfeedActivity
ADDED from andriod_app\MyFirstApp\AndroidManifest.xml:60:9-66:20
	android:label
		ADDED from andriod_app\MyFirstApp\AndroidManifest.xml:62:13-45
	android:launchMode
		ADDED from andriod_app\MyFirstApp\AndroidManifest.xml:63:13-43
	android:windowSoftInputMode
		ADDED from andriod_app\MyFirstApp\AndroidManifest.xml:64:13-52
	android:configChanges
		ADDED from andriod_app\MyFirstApp\AndroidManifest.xml:65:13-59
	android:name
		ADDED from andriod_app\MyFirstApp\AndroidManifest.xml:61:13-45
activity#com.example.myfirstapp.NewRecipeActivity
ADDED from andriod_app\MyFirstApp\AndroidManifest.xml:67:9-70:20
	android:label
		ADDED from andriod_app\MyFirstApp\AndroidManifest.xml:69:13-63
	android:name
		ADDED from andriod_app\MyFirstApp\AndroidManifest.xml:68:13-46
activity#com.example.myfirstapp.SearchLinkResultsActivity
ADDED from andriod_app\MyFirstApp\AndroidManifest.xml:71:9-84:20
	android:label
		ADDED from andriod_app\MyFirstApp\AndroidManifest.xml:73:13-63
	android:launchMode
		ADDED from andriod_app\MyFirstApp\AndroidManifest.xml:74:13-43
	android:name
		ADDED from andriod_app\MyFirstApp\AndroidManifest.xml:72:13-54
intent-filter#android.intent.action.SEARCH+android.intent.category.DEFAULT
ADDED from andriod_app\MyFirstApp\AndroidManifest.xml:75:13-79:29
action#android.intent.action.SEARCH
ADDED from andriod_app\MyFirstApp\AndroidManifest.xml:76:17-71
	android:name
		ADDED from andriod_app\MyFirstApp\AndroidManifest.xml:76:25-68
category#android.intent.category.DEFAULT
ADDED from andriod_app\MyFirstApp\AndroidManifest.xml:78:17-76
	android:name
		ADDED from andriod_app\MyFirstApp\AndroidManifest.xml:78:27-73
activity#com.example.myfirstapp.ProfilePageActivity
ADDED from andriod_app\MyFirstApp\AndroidManifest.xml:85:9-89:20
	android:label
		ADDED from andriod_app\MyFirstApp\AndroidManifest.xml:87:13-64
	android:configChanges
		ADDED from andriod_app\MyFirstApp\AndroidManifest.xml:88:13-59
	android:name
		ADDED from andriod_app\MyFirstApp\AndroidManifest.xml:86:13-48
activity#com.example.myfirstapp.PictureRecipePageActivity
ADDED from andriod_app\MyFirstApp\AndroidManifest.xml:90:9-94:20
	android:label
		ADDED from andriod_app\MyFirstApp\AndroidManifest.xml:92:13-71
	android:windowSoftInputMode
		ADDED from andriod_app\MyFirstApp\AndroidManifest.xml:93:13-52
	android:name
		ADDED from andriod_app\MyFirstApp\AndroidManifest.xml:91:13-54
activity#com.example.myfirstapp.RegisterNewUserActivity
ADDED from andriod_app\MyFirstApp\AndroidManifest.xml:95:9-99:20
	android:label
		ADDED from andriod_app\MyFirstApp\AndroidManifest.xml:97:13-69
	android:windowSoftInputMode
		ADDED from andriod_app\MyFirstApp\AndroidManifest.xml:98:13-52
	android:name
		ADDED from andriod_app\MyFirstApp\AndroidManifest.xml:96:13-52
activity#com.example.myfirstapp.LinkRecipePageActivity
ADDED from andriod_app\MyFirstApp\AndroidManifest.xml:100:9-104:20
	android:label
		ADDED from andriod_app\MyFirstApp\AndroidManifest.xml:102:13-68
	android:windowSoftInputMode
		ADDED from andriod_app\MyFirstApp\AndroidManifest.xml:103:13-52
	android:name
		ADDED from andriod_app\MyFirstApp\AndroidManifest.xml:101:13-51
activity#com.example.myfirstapp.ActivityCategoriesPage
ADDED from andriod_app\MyFirstApp\AndroidManifest.xml:105:9-108:20
	android:label
		ADDED from andriod_app\MyFirstApp\AndroidManifest.xml:107:13-76
	android:name
		ADDED from andriod_app\MyFirstApp\AndroidManifest.xml:106:13-51
activity#com.example.myfirstapp.ActivityRecipiesInCategoryPage
ADDED from andriod_app\MyFirstApp\AndroidManifest.xml:109:9-112:20
	android:label
		ADDED from andriod_app\MyFirstApp\AndroidManifest.xml:111:13-78
	android:name
		ADDED from andriod_app\MyFirstApp\AndroidManifest.xml:110:13-59
activity#com.example.myfirstapp.AddRecipeAsLinkActivity
ADDED from andriod_app\MyFirstApp\AndroidManifest.xml:113:9-116:20
	android:label
		ADDED from andriod_app\MyFirstApp\AndroidManifest.xml:115:13-70
	android:name
		ADDED from andriod_app\MyFirstApp\AndroidManifest.xml:114:13-52
activity#com.example.myfirstapp.ForgotPasswordActivity
ADDED from andriod_app\MyFirstApp\AndroidManifest.xml:117:9-121:20
	android:label
		ADDED from andriod_app\MyFirstApp\AndroidManifest.xml:119:13-67
	android:windowSoftInputMode
		ADDED from andriod_app\MyFirstApp\AndroidManifest.xml:120:13-52
	android:name
		ADDED from andriod_app\MyFirstApp\AndroidManifest.xml:118:13-51
activity#com.example.myfirstapp.ResetPasswordActivity
ADDED from andriod_app\MyFirstApp\AndroidManifest.xml:122:9-126:20
	android:label
		ADDED from andriod_app\MyFirstApp\AndroidManifest.xml:124:13-66
	android:windowSoftInputMode
		ADDED from andriod_app\MyFirstApp\AndroidManifest.xml:125:13-52
	android:name
		ADDED from andriod_app\MyFirstApp\AndroidManifest.xml:123:13-50
activity#com.example.myfirstapp.DisplayLinkWebPageActivity
ADDED from andriod_app\MyFirstApp\AndroidManifest.xml:127:9-130:20
	android:label
		ADDED from andriod_app\MyFirstApp\AndroidManifest.xml:129:13-73
	android:name
		ADDED from andriod_app\MyFirstApp\AndroidManifest.xml:128:13-55
activity#com.example.myfirstapp.SearchActivity
ADDED from andriod_app\MyFirstApp\AndroidManifest.xml:131:9-136:20
	android:label
		ADDED from andriod_app\MyFirstApp\AndroidManifest.xml:133:13-58
	android:windowSoftInputMode
		ADDED from andriod_app\MyFirstApp\AndroidManifest.xml:134:13-52
	android:configChanges
		ADDED from andriod_app\MyFirstApp\AndroidManifest.xml:135:13-59
	android:name
		ADDED from andriod_app\MyFirstApp\AndroidManifest.xml:132:13-43
activity#com.example.myfirstapp.SearchMyRecipesActivity
ADDED from andriod_app\MyFirstApp\AndroidManifest.xml:137:9-141:20
	android:label
		ADDED from andriod_app\MyFirstApp\AndroidManifest.xml:139:13-69
	android:windowSoftInputMode
		ADDED from andriod_app\MyFirstApp\AndroidManifest.xml:140:13-52
	android:name
		ADDED from andriod_app\MyFirstApp\AndroidManifest.xml:138:13-52
activity#com.example.myfirstapp.DisplayFollowingActivity
ADDED from andriod_app\MyFirstApp\AndroidManifest.xml:142:9-146:20
	android:label
		ADDED from andriod_app\MyFirstApp\AndroidManifest.xml:144:13-71
	android:windowSoftInputMode
		ADDED from andriod_app\MyFirstApp\AndroidManifest.xml:145:13-52
	android:name
		ADDED from andriod_app\MyFirstApp\AndroidManifest.xml:143:13-53
activity#com.example.myfirstapp.SearchUserActivity
ADDED from andriod_app\MyFirstApp\AndroidManifest.xml:147:9-151:20
	android:label
		ADDED from andriod_app\MyFirstApp\AndroidManifest.xml:149:13-63
	android:windowSoftInputMode
		ADDED from andriod_app\MyFirstApp\AndroidManifest.xml:150:13-52
	android:name
		ADDED from andriod_app\MyFirstApp\AndroidManifest.xml:148:13-47
activity#com.example.myfirstapp.ChangeUserDisplayNameActivity
ADDED from andriod_app\MyFirstApp\AndroidManifest.xml:152:9-156:20
	android:label
		ADDED from andriod_app\MyFirstApp\AndroidManifest.xml:154:13-76
	android:windowSoftInputMode
		ADDED from andriod_app\MyFirstApp\AndroidManifest.xml:155:13-52
	android:name
		ADDED from andriod_app\MyFirstApp\AndroidManifest.xml:153:13-58
activity#com.example.myfirstapp.SearchMyFollowActivity
ADDED from andriod_app\MyFirstApp\AndroidManifest.xml:157:9-161:20
	android:label
		ADDED from andriod_app\MyFirstApp\AndroidManifest.xml:159:13-68
	android:windowSoftInputMode
		ADDED from andriod_app\MyFirstApp\AndroidManifest.xml:160:13-52
	android:name
		ADDED from andriod_app\MyFirstApp\AndroidManifest.xml:158:13-51
uses-permission#android.permission.USE_CREDENTIALS
ADDED from andriod_app\MyFirstApp\AndroidManifest.xml:164:5-74
	android:name
		ADDED from andriod_app\MyFirstApp\AndroidManifest.xml:164:22-71
uses-permission#android.permission.GET_ACCOUNTS
ADDED from andriod_app\MyFirstApp\AndroidManifest.xml:167:5-71
	android:name
		ADDED from andriod_app\MyFirstApp\AndroidManifest.xml:167:22-68
uses-permission#android.permission.READ_PROFILE
ADDED from andriod_app\MyFirstApp\AndroidManifest.xml:170:5-71
	android:name
		ADDED from andriod_app\MyFirstApp\AndroidManifest.xml:170:22-68
uses-permission#android.permission.READ_CONTACTS
ADDED from andriod_app\MyFirstApp\AndroidManifest.xml:171:5-72
	android:name
		ADDED from andriod_app\MyFirstApp\AndroidManifest.xml:171:22-69
meta-data#com.google.android.gms.version
ADDED from [com.google.android.gms:play-services-basement:8.4.0] AndroidManifest.xml:21:9-23:69
	android:value
		ADDED from [com.google.android.gms:play-services-basement:8.4.0] AndroidManifest.xml:23:13-66
	android:name
		ADDED from [com.google.android.gms:play-services-basement:8.4.0] AndroidManifest.xml:22:13-58